CRITICAL - 2022-10-12 08:04:26 --> Invalid file: contact.php
in SYSTEMPATH\Exceptions\FrameworkException.php on line 33.
 1 SYSTEMPATH\View\View.php(201): CodeIgniter\Exceptions\FrameworkException::forInvalidFile('contact.php')
 2 SYSTEMPATH\Common.php(1142): CodeIgniter\View\View->render('contact', [], true)
 3 APPPATH\Controllers\Home.php(32): view('contact')
 4 SYSTEMPATH\CodeIgniter.php(907): App\Controllers\Home->contact()
 5 SYSTEMPATH\CodeIgniter.php(457): CodeIgniter\CodeIgniter->runController(Object(App\Controllers\Home))
 6 SYSTEMPATH\CodeIgniter.php(340): CodeIgniter\CodeIgniter->handleRequest(null, Object(Config\Cache), false)
 7 FCPATH\index.php(67): CodeIgniter\CodeIgniter->run()
CRITICAL - 2022-10-12 13:39:51 --> Call to undefined function App\Controllers\getPhotos()
in APPPATH\Controllers\Home.php on line 11.
 1 SYSTEMPATH\CodeIgniter.php(907): App\Controllers\Home->index()
 2 SYSTEMPATH\CodeIgniter.php(457): CodeIgniter\CodeIgniter->runController(Object(App\Controllers\Home))
 3 SYSTEMPATH\CodeIgniter.php(340): CodeIgniter\CodeIgniter->handleRequest(null, Object(Config\Cache), false)
 4 FCPATH\index.php(67): CodeIgniter\CodeIgniter->run()
CRITICAL - 2022-10-12 14:01:45 --> syntax error, unexpected 'public' (T_PUBLIC), expecting end of file
in APPPATH\Controllers\Gallery.php on line 3.
 1 SYSTEMPATH\Autoloader\Autoloader.php(282): include_once()
 2 SYSTEMPATH\Autoloader\Autoloader.php(259): CodeIgniter\Autoloader\Autoloader->includeFile('APPPATH\\Controllers\\Home.php')
 3 SYSTEMPATH\Autoloader\Autoloader.php(237): CodeIgniter\Autoloader\Autoloader->loadInNamespace('App\\Controllers\\Home')
 4 [internal function]: CodeIgniter\Autoloader\Autoloader->loadClass('App\\Controllers\\Home')
 5 [internal function]: spl_autoload_call('App\\Controllers\\Home')
 6 SYSTEMPATH\CodeIgniter.php(857): class_exists('\\App\\Controllers\\Home', true)
 7 SYSTEMPATH\CodeIgniter.php(444): CodeIgniter\CodeIgniter->startController()
 8 SYSTEMPATH\CodeIgniter.php(340): CodeIgniter\CodeIgniter->handleRequest(null, Object(Config\Cache), false)
 9 FCPATH\index.php(67): CodeIgniter\CodeIgniter->run()
CRITICAL - 2022-10-12 14:01:51 --> syntax error, unexpected 'public' (T_PUBLIC), expecting end of file
in APPPATH\Controllers\Gallery.php on line 3.
 1 SYSTEMPATH\Autoloader\Autoloader.php(282): include_once()
 2 SYSTEMPATH\Autoloader\Autoloader.php(259): CodeIgniter\Autoloader\Autoloader->includeFile('APPPATH\\Controllers\\Home.php')
 3 SYSTEMPATH\Autoloader\Autoloader.php(237): CodeIgniter\Autoloader\Autoloader->loadInNamespace('App\\Controllers\\Home')
 4 [internal function]: CodeIgniter\Autoloader\Autoloader->loadClass('App\\Controllers\\Home')
 5 [internal function]: spl_autoload_call('App\\Controllers\\Home')
 6 SYSTEMPATH\CodeIgniter.php(857): class_exists('\\App\\Controllers\\Home', true)
 7 SYSTEMPATH\CodeIgniter.php(444): CodeIgniter\CodeIgniter->startController()
 8 SYSTEMPATH\CodeIgniter.php(340): CodeIgniter\CodeIgniter->handleRequest(null, Object(Config\Cache), false)
 9 FCPATH\index.php(67): CodeIgniter\CodeIgniter->run()
CRITICAL - 2022-10-12 14:02:12 --> Call to undefined method App\Controllers\Home::Hi()
in APPPATH\Controllers\Home.php on line 15.
 1 SYSTEMPATH\CodeIgniter.php(907): App\Controllers\Home->index()
 2 SYSTEMPATH\CodeIgniter.php(457): CodeIgniter\CodeIgniter->runController(Object(App\Controllers\Home))
 3 SYSTEMPATH\CodeIgniter.php(340): CodeIgniter\CodeIgniter->handleRequest(null, Object(Config\Cache), false)
 4 FCPATH\index.php(67): CodeIgniter\CodeIgniter->run()
CRITICAL - 2022-10-12 14:02:16 --> Call to undefined method App\Controllers\Home::Hi()
in APPPATH\Controllers\Home.php on line 15.
 1 SYSTEMPATH\CodeIgniter.php(907): App\Controllers\Home->index()
 2 SYSTEMPATH\CodeIgniter.php(457): CodeIgniter\CodeIgniter->runController(Object(App\Controllers\Home))
 3 SYSTEMPATH\CodeIgniter.php(340): CodeIgniter\CodeIgniter->handleRequest(null, Object(Config\Cache), false)
 4 FCPATH\index.php(67): CodeIgniter\CodeIgniter->run()
CRITICAL - 2022-10-12 14:04:44 --> Using $this when not in object context
in APPPATH\Controllers\Gallery.php on line 6.
 1 APPPATH\Controllers\Home.php(11): Hi()
 2 SYSTEMPATH\CodeIgniter.php(907): App\Controllers\Home->index()
 3 SYSTEMPATH\CodeIgniter.php(457): CodeIgniter\CodeIgniter->runController(Object(App\Controllers\Home))
 4 SYSTEMPATH\CodeIgniter.php(340): CodeIgniter\CodeIgniter->handleRequest(null, Object(Config\Cache), false)
 5 FCPATH\index.php(67): CodeIgniter\CodeIgniter->run()
CRITICAL - 2022-10-12 23:29:45 --> 6 : Could not resolve host: photos.app.goo.gl
in SYSTEMPATH\HTTP\CURLRequest.php on line 655.
 1 SYSTEMPATH\HTTP\CURLRequest.php(655): CodeIgniter\HTTP\Exceptions\HTTPException::forCurlError('6', 'Could not resolve host: photos.app.goo.gl')
 2 SYSTEMPATH\HTTP\CURLRequest.php(363): CodeIgniter\HTTP\CURLRequest->sendRequest([...])
 3 SYSTEMPATH\HTTP\CURLRequest.php(136): CodeIgniter\HTTP\CURLRequest->send('GET', 'https://photos.app.goo.gl/yydeQhFDd5kb9jZY8')
 4 APPPATH\Controllers\Gallery.php(35): CodeIgniter\HTTP\CURLRequest->request('GET', 'https://photos.app.goo.gl/yydeQhFDd5kb9jZY8', [...])
 5 APPPATH\Controllers\Gallery.php(60): get_remote_contents('https://photos.app.goo.gl/yydeQhFDd5kb9jZY8')
 6 APPPATH\Controllers\Gallery.php(25): get_embed_player_html_code(Object(stdClass))
 7 APPPATH\Controllers\Gallery.php(20): get_html(Object(stdClass), 0)
 8 APPPATH\Controllers\Gallery.php(8): getPhotos('https://photos.app.goo.gl/yydeQhFDd5kb9jZY8', 0, 0, 370, 300)
 9 APPPATH\Controllers\Home.php(12): Hi()
10 SYSTEMPATH\CodeIgniter.php(907): App\Controllers\Home->index()
11 SYSTEMPATH\CodeIgniter.php(457): CodeIgniter\CodeIgniter->runController(Object(App\Controllers\Home))
12 SYSTEMPATH\CodeIgniter.php(340): CodeIgniter\CodeIgniter->handleRequest(null, Object(Config\Cache), false)
13 FCPATH\index.php(67): CodeIgniter\CodeIgniter->run()
CRITICAL - 2022-10-12 23:29:53 --> 6 : Could not resolve host: photos.app.goo.gl
in SYSTEMPATH\HTTP\CURLRequest.php on line 655.
 1 SYSTEMPATH\HTTP\CURLRequest.php(655): CodeIgniter\HTTP\Exceptions\HTTPException::forCurlError('6', 'Could not resolve host: photos.app.goo.gl')
 2 SYSTEMPATH\HTTP\CURLRequest.php(363): CodeIgniter\HTTP\CURLRequest->sendRequest([...])
 3 SYSTEMPATH\HTTP\CURLRequest.php(136): CodeIgniter\HTTP\CURLRequest->send('GET', 'https://photos.app.goo.gl/yydeQhFDd5kb9jZY8')
 4 APPPATH\Controllers\Gallery.php(35): CodeIgniter\HTTP\CURLRequest->request('GET', 'https://photos.app.goo.gl/yydeQhFDd5kb9jZY8', [...])
 5 APPPATH\Controllers\Gallery.php(60): get_remote_contents('https://photos.app.goo.gl/yydeQhFDd5kb9jZY8')
 6 APPPATH\Controllers\Gallery.php(25): get_embed_player_html_code(Object(stdClass))
 7 APPPATH\Controllers\Gallery.php(20): get_html(Object(stdClass), 0)
 8 APPPATH\Controllers\Gallery.php(8): getPhotos('https://photos.app.goo.gl/yydeQhFDd5kb9jZY8', 0, 0, 370, 300)
 9 APPPATH\Controllers\Home.php(12): Hi()
10 SYSTEMPATH\CodeIgniter.php(907): App\Controllers\Home->index()
11 SYSTEMPATH\CodeIgniter.php(457): CodeIgniter\CodeIgniter->runController(Object(App\Controllers\Home))
12 SYSTEMPATH\CodeIgniter.php(340): CodeIgniter\CodeIgniter->handleRequest(null, Object(Config\Cache), false)
13 FCPATH\index.php(67): CodeIgniter\CodeIgniter->run()
