CRITICAL - 2022-10-05 00:41:55 --> 22 : The requested URL returned error: 400 
in SYSTEMPATH\HTTP\CURLRequest.php on line 655.
 1 SYSTEMPATH\HTTP\CURLRequest.php(655): CodeIgniter\HTTP\Exceptions\HTTPException::forCurlError('22', 'The requested URL returned error: 400 ')
 2 SYSTEMPATH\HTTP\CURLRequest.php(363): CodeIgniter\HTTP\CURLRequest->sendRequest([...])
 3 SYSTEMPATH\HTTP\CURLRequest.php(136): CodeIgniter\HTTP\CURLRequest->send('GET', 'https://www.googleapis.com/blogger/v3/blogs/7929797291362040934?key=AIzaSyBzYC473sbzrK4QQG3zcRp_kPl_moqvEdo/posts')
 4 APPPATH\Controllers\Home.php(17): CodeIgniter\HTTP\CURLRequest->request('GET', 'https://www.googleapis.com/blogger/v3/blogs/7929797291362040934?key=AIzaSyBzYC473sbzrK4QQG3zcRp_kPl_moqvEdo/posts')
 5 SYSTEMPATH\CodeIgniter.php(907): App\Controllers\Home->index()
 6 SYSTEMPATH\CodeIgniter.php(457): CodeIgniter\CodeIgniter->runController(Object(App\Controllers\Home))
 7 SYSTEMPATH\CodeIgniter.php(340): CodeIgniter\CodeIgniter->handleRequest(null, Object(Config\Cache), false)
 8 FCPATH\index.php(67): CodeIgniter\CodeIgniter->run()
CRITICAL - 2022-10-05 00:43:55 --> Array to string conversion
in APPPATH\Controllers\Home.php on line 20.
 1 APPPATH\Controllers\Home.php(20): CodeIgniter\Debug\Exceptions->errorHandler(8, 'Array to string conversion', 'APPPATH\\Controllers\\Home.php', 20, [...])
 2 SYSTEMPATH\CodeIgniter.php(907): App\Controllers\Home->index()
 3 SYSTEMPATH\CodeIgniter.php(457): CodeIgniter\CodeIgniter->runController(Object(App\Controllers\Home))
 4 SYSTEMPATH\CodeIgniter.php(340): CodeIgniter\CodeIgniter->handleRequest(null, Object(Config\Cache), false)
 5 FCPATH\index.php(67): CodeIgniter\CodeIgniter->run()
CRITICAL - 2022-10-05 02:18:30 --> syntax error, unexpected ')', expecting ']'
in APPPATH\Controllers\Home.php on line 43.
 1 SYSTEMPATH\Autoloader\Autoloader.php(259): CodeIgniter\Autoloader\Autoloader->includeFile('APPPATH\\Controllers\\Home.php')
 2 SYSTEMPATH\Autoloader\Autoloader.php(237): CodeIgniter\Autoloader\Autoloader->loadInNamespace('App\\Controllers\\Home')
 3 [internal function]: CodeIgniter\Autoloader\Autoloader->loadClass('App\\Controllers\\Home')
 4 [internal function]: spl_autoload_call('App\\Controllers\\Home')
 5 SYSTEMPATH\CodeIgniter.php(857): class_exists('\\App\\Controllers\\Home', true)
 6 SYSTEMPATH\CodeIgniter.php(444): CodeIgniter\CodeIgniter->startController()
 7 SYSTEMPATH\CodeIgniter.php(340): CodeIgniter\CodeIgniter->handleRequest(null, Object(Config\Cache), false)
 8 FCPATH\index.php(67): CodeIgniter\CodeIgniter->run()
CRITICAL - 2022-10-05 02:18:45 --> syntax error, unexpected ')', expecting ']'
in APPPATH\Controllers\Home.php on line 43.
 1 SYSTEMPATH\Autoloader\Autoloader.php(259): CodeIgniter\Autoloader\Autoloader->includeFile('APPPATH\\Controllers\\Home.php')
 2 SYSTEMPATH\Autoloader\Autoloader.php(237): CodeIgniter\Autoloader\Autoloader->loadInNamespace('App\\Controllers\\Home')
 3 [internal function]: CodeIgniter\Autoloader\Autoloader->loadClass('App\\Controllers\\Home')
 4 [internal function]: spl_autoload_call('App\\Controllers\\Home')
 5 SYSTEMPATH\CodeIgniter.php(857): class_exists('\\App\\Controllers\\Home', true)
 6 SYSTEMPATH\CodeIgniter.php(444): CodeIgniter\CodeIgniter->startController()
 7 SYSTEMPATH\CodeIgniter.php(340): CodeIgniter\CodeIgniter->handleRequest(null, Object(Config\Cache), false)
 8 FCPATH\index.php(67): CodeIgniter\CodeIgniter->run()
CRITICAL - 2022-10-05 02:39:01 --> Use of undefined constant date - assumed 'date' (this will throw an Error in a future version of PHP)
in APPPATH\Views\blog.php on line 53.
 1 APPPATH\Views\blog.php(53): CodeIgniter\Debug\Exceptions->errorHandler(2, 'Use of undefined constant date - assumed \'date\' (this will throw an Error in a future version of PHP)', 'APPPATH\\Views\\blog.php', 53, [...])
 2 SYSTEMPATH\View\View.php(213): include('APPPATH\\Views\\blog.php')
 3 SYSTEMPATH\View\View.php(216): CodeIgniter\View\View->CodeIgniter\View\{closure}()
 4 SYSTEMPATH\Common.php(1142): CodeIgniter\View\View->render('blog', [], true)
 5 APPPATH\Controllers\Home.php(47): view('blog', [...])
 6 SYSTEMPATH\CodeIgniter.php(907): App\Controllers\Home->blog()
 7 SYSTEMPATH\CodeIgniter.php(457): CodeIgniter\CodeIgniter->runController(Object(App\Controllers\Home))
 8 SYSTEMPATH\CodeIgniter.php(340): CodeIgniter\CodeIgniter->handleRequest(null, Object(Config\Cache), false)
 9 FCPATH\index.php(67): CodeIgniter\CodeIgniter->run()
CRITICAL - 2022-10-05 02:39:05 --> Use of undefined constant date - assumed 'date' (this will throw an Error in a future version of PHP)
in APPPATH\Views\blog.php on line 53.
 1 APPPATH\Views\blog.php(53): CodeIgniter\Debug\Exceptions->errorHandler(2, 'Use of undefined constant date - assumed \'date\' (this will throw an Error in a future version of PHP)', 'APPPATH\\Views\\blog.php', 53, [...])
 2 SYSTEMPATH\View\View.php(213): include('APPPATH\\Views\\blog.php')
 3 SYSTEMPATH\View\View.php(216): CodeIgniter\View\View->CodeIgniter\View\{closure}()
 4 SYSTEMPATH\Common.php(1142): CodeIgniter\View\View->render('blog', [], true)
 5 APPPATH\Controllers\Home.php(47): view('blog', [...])
 6 SYSTEMPATH\CodeIgniter.php(907): App\Controllers\Home->blog()
 7 SYSTEMPATH\CodeIgniter.php(457): CodeIgniter\CodeIgniter->runController(Object(App\Controllers\Home))
 8 SYSTEMPATH\CodeIgniter.php(340): CodeIgniter\CodeIgniter->handleRequest(null, Object(Config\Cache), false)
 9 FCPATH\index.php(67): CodeIgniter\CodeIgniter->run()
CRITICAL - 2022-10-05 02:40:45 --> time() expects exactly 0 parameters, 1 given
in APPPATH\Views\blog.php on line 53.
 1 [internal function]: CodeIgniter\Debug\Exceptions->errorHandler(2, 'time() expects exactly 0 parameters, 1 given', 'APPPATH\\Views\\blog.php', 53, [...])
 2 APPPATH\Views\blog.php(53): time('2022-10-04T23:04:00-07:00')
 3 SYSTEMPATH\View\View.php(213): include('APPPATH\\Views\\blog.php')
 4 SYSTEMPATH\View\View.php(216): CodeIgniter\View\View->CodeIgniter\View\{closure}()
 5 SYSTEMPATH\Common.php(1142): CodeIgniter\View\View->render('blog', [], true)
 6 APPPATH\Controllers\Home.php(47): view('blog', [...])
 7 SYSTEMPATH\CodeIgniter.php(907): App\Controllers\Home->blog()
 8 SYSTEMPATH\CodeIgniter.php(457): CodeIgniter\CodeIgniter->runController(Object(App\Controllers\Home))
 9 SYSTEMPATH\CodeIgniter.php(340): CodeIgniter\CodeIgniter->handleRequest(null, Object(Config\Cache), false)
10 FCPATH\index.php(67): CodeIgniter\CodeIgniter->run()
CRITICAL - 2022-10-05 03:04:09 --> syntax error, unexpected '?>'
in APPPATH\Views\blog.php on line 40.
 1 SYSTEMPATH\View\View.php(216): CodeIgniter\View\View->CodeIgniter\View\{closure}()
 2 SYSTEMPATH\Common.php(1142): CodeIgniter\View\View->render('blog', [], true)
 3 APPPATH\Controllers\Home.php(47): view('blog', [...])
 4 SYSTEMPATH\CodeIgniter.php(907): App\Controllers\Home->blog()
 5 SYSTEMPATH\CodeIgniter.php(457): CodeIgniter\CodeIgniter->runController(Object(App\Controllers\Home))
 6 SYSTEMPATH\CodeIgniter.php(340): CodeIgniter\CodeIgniter->handleRequest(null, Object(Config\Cache), false)
 7 FCPATH\index.php(67): CodeIgniter\CodeIgniter->run()
CRITICAL - 2022-10-05 03:04:12 --> syntax error, unexpected '?>'
in APPPATH\Views\blog.php on line 40.
 1 SYSTEMPATH\View\View.php(216): CodeIgniter\View\View->CodeIgniter\View\{closure}()
 2 SYSTEMPATH\Common.php(1142): CodeIgniter\View\View->render('blog', [], true)
 3 APPPATH\Controllers\Home.php(47): view('blog', [...])
 4 SYSTEMPATH\CodeIgniter.php(907): App\Controllers\Home->blog()
 5 SYSTEMPATH\CodeIgniter.php(457): CodeIgniter\CodeIgniter->runController(Object(App\Controllers\Home))
 6 SYSTEMPATH\CodeIgniter.php(340): CodeIgniter\CodeIgniter->handleRequest(null, Object(Config\Cache), false)
 7 FCPATH\index.php(67): CodeIgniter\CodeIgniter->run()
CRITICAL - 2022-10-05 03:28:09 --> 6 : Could not resolve host: www.googleapis.com
in SYSTEMPATH\HTTP\CURLRequest.php on line 655.
 1 SYSTEMPATH\HTTP\CURLRequest.php(655): CodeIgniter\HTTP\Exceptions\HTTPException::forCurlError('6', 'Could not resolve host: www.googleapis.com')
 2 SYSTEMPATH\HTTP\CURLRequest.php(363): CodeIgniter\HTTP\CURLRequest->sendRequest([...])
 3 SYSTEMPATH\HTTP\CURLRequest.php(136): CodeIgniter\HTTP\CURLRequest->send('GET', 'https://www.googleapis.com/blogger/v3/blogs/7929797291362040934/posts/4056339639472704846?key=AIzaSyBzYC473sbzrK4QQG3zcRp_kPl_moqvEdo')
 4 APPPATH\Controllers\Home.php(57): CodeIgniter\HTTP\CURLRequest->request('GET', 'https://www.googleapis.com/blogger/v3/blogs/7929797291362040934/posts/4056339639472704846?key=AIzaSyBzYC473sbzrK4QQG3zcRp_kPl_moqvEdo')
 5 SYSTEMPATH\CodeIgniter.php(907): App\Controllers\Home->blogD('4056339639472704846')
 6 SYSTEMPATH\CodeIgniter.php(457): CodeIgniter\CodeIgniter->runController(Object(App\Controllers\Home))
 7 SYSTEMPATH\CodeIgniter.php(340): CodeIgniter\CodeIgniter->handleRequest(null, Object(Config\Cache), false)
 8 FCPATH\index.php(67): CodeIgniter\CodeIgniter->run()
CRITICAL - 2022-10-05 03:29:07 --> 22 : The requested URL returned error: 400 
in SYSTEMPATH\HTTP\CURLRequest.php on line 655.
 1 SYSTEMPATH\HTTP\CURLRequest.php(655): CodeIgniter\HTTP\Exceptions\HTTPException::forCurlError('22', 'The requested URL returned error: 400 ')
 2 SYSTEMPATH\HTTP\CURLRequest.php(363): CodeIgniter\HTTP\CURLRequest->sendRequest([...])
 3 SYSTEMPATH\HTTP\CURLRequest.php(136): CodeIgniter\HTTP\CURLRequest->send('GET', 'https://www.googleapis.com/blogger/v3/blogs/7929797291362040934/posts/css?key=AIzaSyBzYC473sbzrK4QQG3zcRp_kPl_moqvEdo')
 4 APPPATH\Controllers\Home.php(57): CodeIgniter\HTTP\CURLRequest->request('GET', 'https://www.googleapis.com/blogger/v3/blogs/7929797291362040934/posts/css?key=AIzaSyBzYC473sbzrK4QQG3zcRp_kPl_moqvEdo')
 5 SYSTEMPATH\CodeIgniter.php(907): App\Controllers\Home->blogD('FCPATH\\css', 'style.min.css')
 6 SYSTEMPATH\CodeIgniter.php(457): CodeIgniter\CodeIgniter->runController(Object(App\Controllers\Home))
 7 SYSTEMPATH\CodeIgniter.php(340): CodeIgniter\CodeIgniter->handleRequest(null, Object(Config\Cache), false)
 8 FCPATH\index.php(67): CodeIgniter\CodeIgniter->run()
CRITICAL - 2022-10-05 03:29:07 --> 22 : The requested URL returned error: 400 
in SYSTEMPATH\HTTP\CURLRequest.php on line 655.
 1 SYSTEMPATH\HTTP\CURLRequest.php(655): CodeIgniter\HTTP\Exceptions\HTTPException::forCurlError('22', 'The requested URL returned error: 400 ')
 2 SYSTEMPATH\HTTP\CURLRequest.php(363): CodeIgniter\HTTP\CURLRequest->sendRequest([...])
 3 SYSTEMPATH\HTTP\CURLRequest.php(136): CodeIgniter\HTTP\CURLRequest->send('GET', 'https://www.googleapis.com/blogger/v3/blogs/7929797291362040934/posts/js?key=AIzaSyBzYC473sbzrK4QQG3zcRp_kPl_moqvEdo')
 4 APPPATH\Controllers\Home.php(57): CodeIgniter\HTTP\CURLRequest->request('GET', 'https://www.googleapis.com/blogger/v3/blogs/7929797291362040934/posts/js?key=AIzaSyBzYC473sbzrK4QQG3zcRp_kPl_moqvEdo')
 5 SYSTEMPATH\CodeIgniter.php(907): App\Controllers\Home->blogD('FCPATH\\js', 'bootstrap.bundle.min.js')
 6 SYSTEMPATH\CodeIgniter.php(457): CodeIgniter\CodeIgniter->runController(Object(App\Controllers\Home))
 7 SYSTEMPATH\CodeIgniter.php(340): CodeIgniter\CodeIgniter->handleRequest(null, Object(Config\Cache), false)
 8 FCPATH\index.php(67): CodeIgniter\CodeIgniter->run()
CRITICAL - 2022-10-05 03:29:07 --> 22 : The requested URL returned error: 400 
in SYSTEMPATH\HTTP\CURLRequest.php on line 655.
 1 SYSTEMPATH\HTTP\CURLRequest.php(655): CodeIgniter\HTTP\Exceptions\HTTPException::forCurlError('22', 'The requested URL returned error: 400 ')
 2 SYSTEMPATH\HTTP\CURLRequest.php(363): CodeIgniter\HTTP\CURLRequest->sendRequest([...])
 3 SYSTEMPATH\HTTP\CURLRequest.php(136): CodeIgniter\HTTP\CURLRequest->send('GET', 'https://www.googleapis.com/blogger/v3/blogs/7929797291362040934/posts/css?key=AIzaSyBzYC473sbzrK4QQG3zcRp_kPl_moqvEdo')
 4 APPPATH\Controllers\Home.php(57): CodeIgniter\HTTP\CURLRequest->request('GET', 'https://www.googleapis.com/blogger/v3/blogs/7929797291362040934/posts/css?key=AIzaSyBzYC473sbzrK4QQG3zcRp_kPl_moqvEdo')
 5 SYSTEMPATH\CodeIgniter.php(907): App\Controllers\Home->blogD('FCPATH\\css', 'tiny-slider.css')
 6 SYSTEMPATH\CodeIgniter.php(457): CodeIgniter\CodeIgniter->runController(Object(App\Controllers\Home))
 7 SYSTEMPATH\CodeIgniter.php(340): CodeIgniter\CodeIgniter->handleRequest(null, Object(Config\Cache), false)
 8 FCPATH\index.php(67): CodeIgniter\CodeIgniter->run()
CRITICAL - 2022-10-05 03:29:07 --> 22 : The requested URL returned error: 400 
in SYSTEMPATH\HTTP\CURLRequest.php on line 655.
 1 SYSTEMPATH\HTTP\CURLRequest.php(655): CodeIgniter\HTTP\Exceptions\HTTPException::forCurlError('22', 'The requested URL returned error: 400 ')
 2 SYSTEMPATH\HTTP\CURLRequest.php(363): CodeIgniter\HTTP\CURLRequest->sendRequest([...])
 3 SYSTEMPATH\HTTP\CURLRequest.php(136): CodeIgniter\HTTP\CURLRequest->send('GET', 'https://www.googleapis.com/blogger/v3/blogs/7929797291362040934/posts/css?key=AIzaSyBzYC473sbzrK4QQG3zcRp_kPl_moqvEdo')
 4 APPPATH\Controllers\Home.php(57): CodeIgniter\HTTP\CURLRequest->request('GET', 'https://www.googleapis.com/blogger/v3/blogs/7929797291362040934/posts/css?key=AIzaSyBzYC473sbzrK4QQG3zcRp_kPl_moqvEdo')
 5 SYSTEMPATH\CodeIgniter.php(907): App\Controllers\Home->blogD('FCPATH\\css', 'bootstrap.min.css')
 6 SYSTEMPATH\CodeIgniter.php(457): CodeIgniter\CodeIgniter->runController(Object(App\Controllers\Home))
 7 SYSTEMPATH\CodeIgniter.php(340): CodeIgniter\CodeIgniter->handleRequest(null, Object(Config\Cache), false)
 8 FCPATH\index.php(67): CodeIgniter\CodeIgniter->run()
CRITICAL - 2022-10-05 03:29:07 --> 22 : The requested URL returned error: 400 
in SYSTEMPATH\HTTP\CURLRequest.php on line 655.
 1 SYSTEMPATH\HTTP\CURLRequest.php(655): CodeIgniter\HTTP\Exceptions\HTTPException::forCurlError('22', 'The requested URL returned error: 400 ')
 2 SYSTEMPATH\HTTP\CURLRequest.php(363): CodeIgniter\HTTP\CURLRequest->sendRequest([...])
 3 SYSTEMPATH\HTTP\CURLRequest.php(136): CodeIgniter\HTTP\CURLRequest->send('GET', 'https://www.googleapis.com/blogger/v3/blogs/7929797291362040934/posts/js?key=AIzaSyBzYC473sbzrK4QQG3zcRp_kPl_moqvEdo')
 4 APPPATH\Controllers\Home.php(57): CodeIgniter\HTTP\CURLRequest->request('GET', 'https://www.googleapis.com/blogger/v3/blogs/7929797291362040934/posts/js?key=AIzaSyBzYC473sbzrK4QQG3zcRp_kPl_moqvEdo')
 5 SYSTEMPATH\CodeIgniter.php(907): App\Controllers\Home->blogD('FCPATH\\js', 'tiny-slider.js')
 6 SYSTEMPATH\CodeIgniter.php(457): CodeIgniter\CodeIgniter->runController(Object(App\Controllers\Home))
 7 SYSTEMPATH\CodeIgniter.php(340): CodeIgniter\CodeIgniter->handleRequest(null, Object(Config\Cache), false)
 8 FCPATH\index.php(67): CodeIgniter\CodeIgniter->run()
CRITICAL - 2022-10-05 03:29:07 --> 22 : The requested URL returned error: 400 
in SYSTEMPATH\HTTP\CURLRequest.php on line 655.
 1 SYSTEMPATH\HTTP\CURLRequest.php(655): CodeIgniter\HTTP\Exceptions\HTTPException::forCurlError('22', 'The requested URL returned error: 400 ')
 2 SYSTEMPATH\HTTP\CURLRequest.php(363): CodeIgniter\HTTP\CURLRequest->sendRequest([...])
 3 SYSTEMPATH\HTTP\CURLRequest.php(136): CodeIgniter\HTTP\CURLRequest->send('GET', 'https://www.googleapis.com/blogger/v3/blogs/7929797291362040934/posts/css?key=AIzaSyBzYC473sbzrK4QQG3zcRp_kPl_moqvEdo')
 4 APPPATH\Controllers\Home.php(57): CodeIgniter\HTTP\CURLRequest->request('GET', 'https://www.googleapis.com/blogger/v3/blogs/7929797291362040934/posts/css?key=AIzaSyBzYC473sbzrK4QQG3zcRp_kPl_moqvEdo')
 5 SYSTEMPATH\CodeIgniter.php(907): App\Controllers\Home->blogD('FCPATH\\css', 'tobii.min.css')
 6 SYSTEMPATH\CodeIgniter.php(457): CodeIgniter\CodeIgniter->runController(Object(App\Controllers\Home))
 7 SYSTEMPATH\CodeIgniter.php(340): CodeIgniter\CodeIgniter->handleRequest(null, Object(Config\Cache), false)
 8 FCPATH\index.php(67): CodeIgniter\CodeIgniter->run()
CRITICAL - 2022-10-05 03:29:08 --> 22 : The requested URL returned error: 400 
in SYSTEMPATH\HTTP\CURLRequest.php on line 655.
 1 SYSTEMPATH\HTTP\CURLRequest.php(655): CodeIgniter\HTTP\Exceptions\HTTPException::forCurlError('22', 'The requested URL returned error: 400 ')
 2 SYSTEMPATH\HTTP\CURLRequest.php(363): CodeIgniter\HTTP\CURLRequest->sendRequest([...])
 3 SYSTEMPATH\HTTP\CURLRequest.php(136): CodeIgniter\HTTP\CURLRequest->send('GET', 'https://www.googleapis.com/blogger/v3/blogs/7929797291362040934/posts/img?key=AIzaSyBzYC473sbzrK4QQG3zcRp_kPl_moqvEdo')
 4 APPPATH\Controllers\Home.php(57): CodeIgniter\HTTP\CURLRequest->request('GET', 'https://www.googleapis.com/blogger/v3/blogs/7929797291362040934/posts/img?key=AIzaSyBzYC473sbzrK4QQG3zcRp_kPl_moqvEdo')
 5 SYSTEMPATH\CodeIgniter.php(907): App\Controllers\Home->blogD('FCPATH\\img', 'bg7.jpg')
 6 SYSTEMPATH\CodeIgniter.php(457): CodeIgniter\CodeIgniter->runController(Object(App\Controllers\Home))
 7 SYSTEMPATH\CodeIgniter.php(340): CodeIgniter\CodeIgniter->handleRequest(null, Object(Config\Cache), false)
 8 FCPATH\index.php(67): CodeIgniter\CodeIgniter->run()
CRITICAL - 2022-10-05 03:29:10 --> 22 : The requested URL returned error: 400 
in SYSTEMPATH\HTTP\CURLRequest.php on line 655.
 1 SYSTEMPATH\HTTP\CURLRequest.php(655): CodeIgniter\HTTP\Exceptions\HTTPException::forCurlError('22', 'The requested URL returned error: 400 ')
 2 SYSTEMPATH\HTTP\CURLRequest.php(363): CodeIgniter\HTTP\CURLRequest->sendRequest([...])
 3 SYSTEMPATH\HTTP\CURLRequest.php(136): CodeIgniter\HTTP\CURLRequest->send('GET', 'https://www.googleapis.com/blogger/v3/blogs/7929797291362040934/posts/images?key=AIzaSyBzYC473sbzrK4QQG3zcRp_kPl_moqvEdo')
 4 APPPATH\Controllers\Home.php(57): CodeIgniter\HTTP\CURLRequest->request('GET', 'https://www.googleapis.com/blogger/v3/blogs/7929797291362040934/posts/images?key=AIzaSyBzYC473sbzrK4QQG3zcRp_kPl_moqvEdo')
 5 SYSTEMPATH\CodeIgniter.php(907): App\Controllers\Home->blogD('images', 'favicon.ico')
 6 SYSTEMPATH\CodeIgniter.php(457): CodeIgniter\CodeIgniter->runController(Object(App\Controllers\Home))
 7 SYSTEMPATH\CodeIgniter.php(340): CodeIgniter\CodeIgniter->handleRequest(null, Object(Config\Cache), false)
 8 FCPATH\index.php(67): CodeIgniter\CodeIgniter->run()
CRITICAL - 2022-10-05 03:31:19 --> 22 : The requested URL returned error: 400 
in SYSTEMPATH\HTTP\CURLRequest.php on line 655.
 1 SYSTEMPATH\HTTP\CURLRequest.php(655): CodeIgniter\HTTP\Exceptions\HTTPException::forCurlError('22', 'The requested URL returned error: 400 ')
 2 SYSTEMPATH\HTTP\CURLRequest.php(363): CodeIgniter\HTTP\CURLRequest->sendRequest([...])
 3 SYSTEMPATH\HTTP\CURLRequest.php(136): CodeIgniter\HTTP\CURLRequest->send('GET', 'https://www.googleapis.com/blogger/v3/blogs/7929797291362040934/posts/css?key=AIzaSyBzYC473sbzrK4QQG3zcRp_kPl_moqvEdo')
 4 APPPATH\Controllers\Home.php(57): CodeIgniter\HTTP\CURLRequest->request('GET', 'https://www.googleapis.com/blogger/v3/blogs/7929797291362040934/posts/css?key=AIzaSyBzYC473sbzrK4QQG3zcRp_kPl_moqvEdo')
 5 SYSTEMPATH\CodeIgniter.php(907): App\Controllers\Home->blogD('FCPATH\\css', 'bootstrap.min.css')
 6 SYSTEMPATH\CodeIgniter.php(457): CodeIgniter\CodeIgniter->runController(Object(App\Controllers\Home))
 7 SYSTEMPATH\CodeIgniter.php(340): CodeIgniter\CodeIgniter->handleRequest(null, Object(Config\Cache), false)
 8 FCPATH\index.php(67): CodeIgniter\CodeIgniter->run()
CRITICAL - 2022-10-05 03:31:19 --> 22 : The requested URL returned error: 400 
in SYSTEMPATH\HTTP\CURLRequest.php on line 655.
 1 SYSTEMPATH\HTTP\CURLRequest.php(655): CodeIgniter\HTTP\Exceptions\HTTPException::forCurlError('22', 'The requested URL returned error: 400 ')
 2 SYSTEMPATH\HTTP\CURLRequest.php(363): CodeIgniter\HTTP\CURLRequest->sendRequest([...])
 3 SYSTEMPATH\HTTP\CURLRequest.php(136): CodeIgniter\HTTP\CURLRequest->send('GET', 'https://www.googleapis.com/blogger/v3/blogs/7929797291362040934/posts/css?key=AIzaSyBzYC473sbzrK4QQG3zcRp_kPl_moqvEdo')
 4 APPPATH\Controllers\Home.php(57): CodeIgniter\HTTP\CURLRequest->request('GET', 'https://www.googleapis.com/blogger/v3/blogs/7929797291362040934/posts/css?key=AIzaSyBzYC473sbzrK4QQG3zcRp_kPl_moqvEdo')
 5 SYSTEMPATH\CodeIgniter.php(907): App\Controllers\Home->blogD('FCPATH\\css', 'style.min.css')
 6 SYSTEMPATH\CodeIgniter.php(457): CodeIgniter\CodeIgniter->runController(Object(App\Controllers\Home))
 7 SYSTEMPATH\CodeIgniter.php(340): CodeIgniter\CodeIgniter->handleRequest(null, Object(Config\Cache), false)
 8 FCPATH\index.php(67): CodeIgniter\CodeIgniter->run()
CRITICAL - 2022-10-05 03:31:19 --> 22 : The requested URL returned error: 400 
in SYSTEMPATH\HTTP\CURLRequest.php on line 655.
 1 SYSTEMPATH\HTTP\CURLRequest.php(655): CodeIgniter\HTTP\Exceptions\HTTPException::forCurlError('22', 'The requested URL returned error: 400 ')
 2 SYSTEMPATH\HTTP\CURLRequest.php(363): CodeIgniter\HTTP\CURLRequest->sendRequest([...])
 3 SYSTEMPATH\HTTP\CURLRequest.php(136): CodeIgniter\HTTP\CURLRequest->send('GET', 'https://www.googleapis.com/blogger/v3/blogs/7929797291362040934/posts/css?key=AIzaSyBzYC473sbzrK4QQG3zcRp_kPl_moqvEdo')
 4 APPPATH\Controllers\Home.php(57): CodeIgniter\HTTP\CURLRequest->request('GET', 'https://www.googleapis.com/blogger/v3/blogs/7929797291362040934/posts/css?key=AIzaSyBzYC473sbzrK4QQG3zcRp_kPl_moqvEdo')
 5 SYSTEMPATH\CodeIgniter.php(907): App\Controllers\Home->blogD('FCPATH\\css', 'tobii.min.css')
 6 SYSTEMPATH\CodeIgniter.php(457): CodeIgniter\CodeIgniter->runController(Object(App\Controllers\Home))
 7 SYSTEMPATH\CodeIgniter.php(340): CodeIgniter\CodeIgniter->handleRequest(null, Object(Config\Cache), false)
 8 FCPATH\index.php(67): CodeIgniter\CodeIgniter->run()
CRITICAL - 2022-10-05 03:31:19 --> 22 : The requested URL returned error: 400 
in SYSTEMPATH\HTTP\CURLRequest.php on line 655.
 1 SYSTEMPATH\HTTP\CURLRequest.php(655): CodeIgniter\HTTP\Exceptions\HTTPException::forCurlError('22', 'The requested URL returned error: 400 ')
 2 SYSTEMPATH\HTTP\CURLRequest.php(363): CodeIgniter\HTTP\CURLRequest->sendRequest([...])
 3 SYSTEMPATH\HTTP\CURLRequest.php(136): CodeIgniter\HTTP\CURLRequest->send('GET', 'https://www.googleapis.com/blogger/v3/blogs/7929797291362040934/posts/css?key=AIzaSyBzYC473sbzrK4QQG3zcRp_kPl_moqvEdo')
 4 APPPATH\Controllers\Home.php(57): CodeIgniter\HTTP\CURLRequest->request('GET', 'https://www.googleapis.com/blogger/v3/blogs/7929797291362040934/posts/css?key=AIzaSyBzYC473sbzrK4QQG3zcRp_kPl_moqvEdo')
 5 SYSTEMPATH\CodeIgniter.php(907): App\Controllers\Home->blogD('FCPATH\\css', 'tiny-slider.css')
 6 SYSTEMPATH\CodeIgniter.php(457): CodeIgniter\CodeIgniter->runController(Object(App\Controllers\Home))
 7 SYSTEMPATH\CodeIgniter.php(340): CodeIgniter\CodeIgniter->handleRequest(null, Object(Config\Cache), false)
 8 FCPATH\index.php(67): CodeIgniter\CodeIgniter->run()
CRITICAL - 2022-10-05 03:31:20 --> 22 : The requested URL returned error: 400 
in SYSTEMPATH\HTTP\CURLRequest.php on line 655.
 1 SYSTEMPATH\HTTP\CURLRequest.php(655): CodeIgniter\HTTP\Exceptions\HTTPException::forCurlError('22', 'The requested URL returned error: 400 ')
 2 SYSTEMPATH\HTTP\CURLRequest.php(363): CodeIgniter\HTTP\CURLRequest->sendRequest([...])
 3 SYSTEMPATH\HTTP\CURLRequest.php(136): CodeIgniter\HTTP\CURLRequest->send('GET', 'https://www.googleapis.com/blogger/v3/blogs/7929797291362040934/posts/js?key=AIzaSyBzYC473sbzrK4QQG3zcRp_kPl_moqvEdo')
 4 APPPATH\Controllers\Home.php(57): CodeIgniter\HTTP\CURLRequest->request('GET', 'https://www.googleapis.com/blogger/v3/blogs/7929797291362040934/posts/js?key=AIzaSyBzYC473sbzrK4QQG3zcRp_kPl_moqvEdo')
 5 SYSTEMPATH\CodeIgniter.php(907): App\Controllers\Home->blogD('FCPATH\\js', 'bootstrap.bundle.min.js')
 6 SYSTEMPATH\CodeIgniter.php(457): CodeIgniter\CodeIgniter->runController(Object(App\Controllers\Home))
 7 SYSTEMPATH\CodeIgniter.php(340): CodeIgniter\CodeIgniter->handleRequest(null, Object(Config\Cache), false)
 8 FCPATH\index.php(67): CodeIgniter\CodeIgniter->run()
CRITICAL - 2022-10-05 03:31:20 --> 22 : The requested URL returned error: 400 
in SYSTEMPATH\HTTP\CURLRequest.php on line 655.
 1 SYSTEMPATH\HTTP\CURLRequest.php(655): CodeIgniter\HTTP\Exceptions\HTTPException::forCurlError('22', 'The requested URL returned error: 400 ')
 2 SYSTEMPATH\HTTP\CURLRequest.php(363): CodeIgniter\HTTP\CURLRequest->sendRequest([...])
 3 SYSTEMPATH\HTTP\CURLRequest.php(136): CodeIgniter\HTTP\CURLRequest->send('GET', 'https://www.googleapis.com/blogger/v3/blogs/7929797291362040934/posts/js?key=AIzaSyBzYC473sbzrK4QQG3zcRp_kPl_moqvEdo')
 4 APPPATH\Controllers\Home.php(57): CodeIgniter\HTTP\CURLRequest->request('GET', 'https://www.googleapis.com/blogger/v3/blogs/7929797291362040934/posts/js?key=AIzaSyBzYC473sbzrK4QQG3zcRp_kPl_moqvEdo')
 5 SYSTEMPATH\CodeIgniter.php(907): App\Controllers\Home->blogD('FCPATH\\js', 'tiny-slider.js')
 6 SYSTEMPATH\CodeIgniter.php(457): CodeIgniter\CodeIgniter->runController(Object(App\Controllers\Home))
 7 SYSTEMPATH\CodeIgniter.php(340): CodeIgniter\CodeIgniter->handleRequest(null, Object(Config\Cache), false)
 8 FCPATH\index.php(67): CodeIgniter\CodeIgniter->run()
CRITICAL - 2022-10-05 03:31:20 --> 22 : The requested URL returned error: 400 
in SYSTEMPATH\HTTP\CURLRequest.php on line 655.
 1 SYSTEMPATH\HTTP\CURLRequest.php(655): CodeIgniter\HTTP\Exceptions\HTTPException::forCurlError('22', 'The requested URL returned error: 400 ')
 2 SYSTEMPATH\HTTP\CURLRequest.php(363): CodeIgniter\HTTP\CURLRequest->sendRequest([...])
 3 SYSTEMPATH\HTTP\CURLRequest.php(136): CodeIgniter\HTTP\CURLRequest->send('GET', 'https://www.googleapis.com/blogger/v3/blogs/7929797291362040934/posts/js?key=AIzaSyBzYC473sbzrK4QQG3zcRp_kPl_moqvEdo')
 4 APPPATH\Controllers\Home.php(57): CodeIgniter\HTTP\CURLRequest->request('GET', 'https://www.googleapis.com/blogger/v3/blogs/7929797291362040934/posts/js?key=AIzaSyBzYC473sbzrK4QQG3zcRp_kPl_moqvEdo')
 5 SYSTEMPATH\CodeIgniter.php(907): App\Controllers\Home->blogD('FCPATH\\js', 'easy_background.js')
 6 SYSTEMPATH\CodeIgniter.php(457): CodeIgniter\CodeIgniter->runController(Object(App\Controllers\Home))
 7 SYSTEMPATH\CodeIgniter.php(340): CodeIgniter\CodeIgniter->handleRequest(null, Object(Config\Cache), false)
 8 FCPATH\index.php(67): CodeIgniter\CodeIgniter->run()
CRITICAL - 2022-10-05 03:31:20 --> 22 : The requested URL returned error: 400 
in SYSTEMPATH\HTTP\CURLRequest.php on line 655.
 1 SYSTEMPATH\HTTP\CURLRequest.php(655): CodeIgniter\HTTP\Exceptions\HTTPException::forCurlError('22', 'The requested URL returned error: 400 ')
 2 SYSTEMPATH\HTTP\CURLRequest.php(363): CodeIgniter\HTTP\CURLRequest->sendRequest([...])
 3 SYSTEMPATH\HTTP\CURLRequest.php(136): CodeIgniter\HTTP\CURLRequest->send('GET', 'https://www.googleapis.com/blogger/v3/blogs/7929797291362040934/posts/js?key=AIzaSyBzYC473sbzrK4QQG3zcRp_kPl_moqvEdo')
 4 APPPATH\Controllers\Home.php(57): CodeIgniter\HTTP\CURLRequest->request('GET', 'https://www.googleapis.com/blogger/v3/blogs/7929797291362040934/posts/js?key=AIzaSyBzYC473sbzrK4QQG3zcRp_kPl_moqvEdo')
 5 SYSTEMPATH\CodeIgniter.php(907): App\Controllers\Home->blogD('FCPATH\\js', 'feather.min.js')
 6 SYSTEMPATH\CodeIgniter.php(457): CodeIgniter\CodeIgniter->runController(Object(App\Controllers\Home))
 7 SYSTEMPATH\CodeIgniter.php(340): CodeIgniter\CodeIgniter->handleRequest(null, Object(Config\Cache), false)
 8 FCPATH\index.php(67): CodeIgniter\CodeIgniter->run()
CRITICAL - 2022-10-05 03:31:21 --> 22 : The requested URL returned error: 400 
in SYSTEMPATH\HTTP\CURLRequest.php on line 655.
 1 SYSTEMPATH\HTTP\CURLRequest.php(655): CodeIgniter\HTTP\Exceptions\HTTPException::forCurlError('22', 'The requested URL returned error: 400 ')
 2 SYSTEMPATH\HTTP\CURLRequest.php(363): CodeIgniter\HTTP\CURLRequest->sendRequest([...])
 3 SYSTEMPATH\HTTP\CURLRequest.php(136): CodeIgniter\HTTP\CURLRequest->send('GET', 'https://www.googleapis.com/blogger/v3/blogs/7929797291362040934/posts/js?key=AIzaSyBzYC473sbzrK4QQG3zcRp_kPl_moqvEdo')
 4 APPPATH\Controllers\Home.php(57): CodeIgniter\HTTP\CURLRequest->request('GET', 'https://www.googleapis.com/blogger/v3/blogs/7929797291362040934/posts/js?key=AIzaSyBzYC473sbzrK4QQG3zcRp_kPl_moqvEdo')
 5 SYSTEMPATH\CodeIgniter.php(907): App\Controllers\Home->blogD('FCPATH\\js', 'tobii.min.js')
 6 SYSTEMPATH\CodeIgniter.php(457): CodeIgniter\CodeIgniter->runController(Object(App\Controllers\Home))
 7 SYSTEMPATH\CodeIgniter.php(340): CodeIgniter\CodeIgniter->handleRequest(null, Object(Config\Cache), false)
 8 FCPATH\index.php(67): CodeIgniter\CodeIgniter->run()
CRITICAL - 2022-10-05 03:31:21 --> 22 : The requested URL returned error: 400 
in SYSTEMPATH\HTTP\CURLRequest.php on line 655.
 1 SYSTEMPATH\HTTP\CURLRequest.php(655): CodeIgniter\HTTP\Exceptions\HTTPException::forCurlError('22', 'The requested URL returned error: 400 ')
 2 SYSTEMPATH\HTTP\CURLRequest.php(363): CodeIgniter\HTTP\CURLRequest->sendRequest([...])
 3 SYSTEMPATH\HTTP\CURLRequest.php(136): CodeIgniter\HTTP\CURLRequest->send('GET', 'https://www.googleapis.com/blogger/v3/blogs/7929797291362040934/posts/js?key=AIzaSyBzYC473sbzrK4QQG3zcRp_kPl_moqvEdo')
 4 APPPATH\Controllers\Home.php(57): CodeIgniter\HTTP\CURLRequest->request('GET', 'https://www.googleapis.com/blogger/v3/blogs/7929797291362040934/posts/js?key=AIzaSyBzYC473sbzrK4QQG3zcRp_kPl_moqvEdo')
 5 SYSTEMPATH\CodeIgniter.php(907): App\Controllers\Home->blogD('FCPATH\\js', 'parallax.js')
 6 SYSTEMPATH\CodeIgniter.php(457): CodeIgniter\CodeIgniter->runController(Object(App\Controllers\Home))
 7 SYSTEMPATH\CodeIgniter.php(340): CodeIgniter\CodeIgniter->handleRequest(null, Object(Config\Cache), false)
 8 FCPATH\index.php(67): CodeIgniter\CodeIgniter->run()
CRITICAL - 2022-10-05 03:31:21 --> 22 : The requested URL returned error: 400 
in SYSTEMPATH\HTTP\CURLRequest.php on line 655.
 1 SYSTEMPATH\HTTP\CURLRequest.php(655): CodeIgniter\HTTP\Exceptions\HTTPException::forCurlError('22', 'The requested URL returned error: 400 ')
 2 SYSTEMPATH\HTTP\CURLRequest.php(363): CodeIgniter\HTTP\CURLRequest->sendRequest([...])
 3 SYSTEMPATH\HTTP\CURLRequest.php(136): CodeIgniter\HTTP\CURLRequest->send('GET', 'https://www.googleapis.com/blogger/v3/blogs/7929797291362040934/posts/img?key=AIzaSyBzYC473sbzrK4QQG3zcRp_kPl_moqvEdo')
 4 APPPATH\Controllers\Home.php(57): CodeIgniter\HTTP\CURLRequest->request('GET', 'https://www.googleapis.com/blogger/v3/blogs/7929797291362040934/posts/img?key=AIzaSyBzYC473sbzrK4QQG3zcRp_kPl_moqvEdo')
 5 SYSTEMPATH\CodeIgniter.php(907): App\Controllers\Home->blogD('FCPATH\\img', 'logo.png')
 6 SYSTEMPATH\CodeIgniter.php(457): CodeIgniter\CodeIgniter->runController(Object(App\Controllers\Home))
 7 SYSTEMPATH\CodeIgniter.php(340): CodeIgniter\CodeIgniter->handleRequest(null, Object(Config\Cache), false)
 8 FCPATH\index.php(67): CodeIgniter\CodeIgniter->run()
CRITICAL - 2022-10-05 03:31:21 --> 22 : The requested URL returned error: 400 
in SYSTEMPATH\HTTP\CURLRequest.php on line 655.
 1 SYSTEMPATH\HTTP\CURLRequest.php(655): CodeIgniter\HTTP\Exceptions\HTTPException::forCurlError('22', 'The requested URL returned error: 400 ')
 2 SYSTEMPATH\HTTP\CURLRequest.php(363): CodeIgniter\HTTP\CURLRequest->sendRequest([...])
 3 SYSTEMPATH\HTTP\CURLRequest.php(136): CodeIgniter\HTTP\CURLRequest->send('GET', 'https://www.googleapis.com/blogger/v3/blogs/7929797291362040934/posts/img?key=AIzaSyBzYC473sbzrK4QQG3zcRp_kPl_moqvEdo')
 4 APPPATH\Controllers\Home.php(57): CodeIgniter\HTTP\CURLRequest->request('GET', 'https://www.googleapis.com/blogger/v3/blogs/7929797291362040934/posts/img?key=AIzaSyBzYC473sbzrK4QQG3zcRp_kPl_moqvEdo')
 5 SYSTEMPATH\CodeIgniter.php(907): App\Controllers\Home->blogD('FCPATH\\img', 'bg7.jpg')
 6 SYSTEMPATH\CodeIgniter.php(457): CodeIgniter\CodeIgniter->runController(Object(App\Controllers\Home))
 7 SYSTEMPATH\CodeIgniter.php(340): CodeIgniter\CodeIgniter->handleRequest(null, Object(Config\Cache), false)
 8 FCPATH\index.php(67): CodeIgniter\CodeIgniter->run()
CRITICAL - 2022-10-05 03:31:21 --> 22 : The requested URL returned error: 400 
in SYSTEMPATH\HTTP\CURLRequest.php on line 655.
 1 SYSTEMPATH\HTTP\CURLRequest.php(655): CodeIgniter\HTTP\Exceptions\HTTPException::forCurlError('22', 'The requested URL returned error: 400 ')
 2 SYSTEMPATH\HTTP\CURLRequest.php(363): CodeIgniter\HTTP\CURLRequest->sendRequest([...])
 3 SYSTEMPATH\HTTP\CURLRequest.php(136): CodeIgniter\HTTP\CURLRequest->send('GET', 'https://www.googleapis.com/blogger/v3/blogs/7929797291362040934/posts/js?key=AIzaSyBzYC473sbzrK4QQG3zcRp_kPl_moqvEdo')
 4 APPPATH\Controllers\Home.php(57): CodeIgniter\HTTP\CURLRequest->request('GET', 'https://www.googleapis.com/blogger/v3/blogs/7929797291362040934/posts/js?key=AIzaSyBzYC473sbzrK4QQG3zcRp_kPl_moqvEdo')
 5 SYSTEMPATH\CodeIgniter.php(907): App\Controllers\Home->blogD('FCPATH\\js', 'plugins.init.js')
 6 SYSTEMPATH\CodeIgniter.php(457): CodeIgniter\CodeIgniter->runController(Object(App\Controllers\Home))
 7 SYSTEMPATH\CodeIgniter.php(340): CodeIgniter\CodeIgniter->handleRequest(null, Object(Config\Cache), false)
 8 FCPATH\index.php(67): CodeIgniter\CodeIgniter->run()
CRITICAL - 2022-10-05 03:31:21 --> 22 : The requested URL returned error: 400 
in SYSTEMPATH\HTTP\CURLRequest.php on line 655.
 1 SYSTEMPATH\HTTP\CURLRequest.php(655): CodeIgniter\HTTP\Exceptions\HTTPException::forCurlError('22', 'The requested URL returned error: 400 ')
 2 SYSTEMPATH\HTTP\CURLRequest.php(363): CodeIgniter\HTTP\CURLRequest->sendRequest([...])
 3 SYSTEMPATH\HTTP\CURLRequest.php(136): CodeIgniter\HTTP\CURLRequest->send('GET', 'https://www.googleapis.com/blogger/v3/blogs/7929797291362040934/posts/js?key=AIzaSyBzYC473sbzrK4QQG3zcRp_kPl_moqvEdo')
 4 APPPATH\Controllers\Home.php(57): CodeIgniter\HTTP\CURLRequest->request('GET', 'https://www.googleapis.com/blogger/v3/blogs/7929797291362040934/posts/js?key=AIzaSyBzYC473sbzrK4QQG3zcRp_kPl_moqvEdo')
 5 SYSTEMPATH\CodeIgniter.php(907): App\Controllers\Home->blogD('FCPATH\\js', 'app.js')
 6 SYSTEMPATH\CodeIgniter.php(457): CodeIgniter\CodeIgniter->runController(Object(App\Controllers\Home))
 7 SYSTEMPATH\CodeIgniter.php(340): CodeIgniter\CodeIgniter->handleRequest(null, Object(Config\Cache), false)
 8 FCPATH\index.php(67): CodeIgniter\CodeIgniter->run()
CRITICAL - 2022-10-05 03:31:23 --> 22 : The requested URL returned error: 400 
in SYSTEMPATH\HTTP\CURLRequest.php on line 655.
 1 SYSTEMPATH\HTTP\CURLRequest.php(655): CodeIgniter\HTTP\Exceptions\HTTPException::forCurlError('22', 'The requested URL returned error: 400 ')
 2 SYSTEMPATH\HTTP\CURLRequest.php(363): CodeIgniter\HTTP\CURLRequest->sendRequest([...])
 3 SYSTEMPATH\HTTP\CURLRequest.php(136): CodeIgniter\HTTP\CURLRequest->send('GET', 'https://www.googleapis.com/blogger/v3/blogs/7929797291362040934/posts/images?key=AIzaSyBzYC473sbzrK4QQG3zcRp_kPl_moqvEdo')
 4 APPPATH\Controllers\Home.php(57): CodeIgniter\HTTP\CURLRequest->request('GET', 'https://www.googleapis.com/blogger/v3/blogs/7929797291362040934/posts/images?key=AIzaSyBzYC473sbzrK4QQG3zcRp_kPl_moqvEdo')
 5 SYSTEMPATH\CodeIgniter.php(907): App\Controllers\Home->blogD('images', 'favicon.ico')
 6 SYSTEMPATH\CodeIgniter.php(457): CodeIgniter\CodeIgniter->runController(Object(App\Controllers\Home))
 7 SYSTEMPATH\CodeIgniter.php(340): CodeIgniter\CodeIgniter->handleRequest(null, Object(Config\Cache), false)
 8 FCPATH\index.php(67): CodeIgniter\CodeIgniter->run()
CRITICAL - 2022-10-05 03:36:05 --> syntax error, unexpected '?>', expecting ')'
in APPPATH\Views\footer.php on line 69.
 1 SYSTEMPATH\View\View.php(216): CodeIgniter\View\View->CodeIgniter\View\{closure}()
 2 SYSTEMPATH\Common.php(1142): CodeIgniter\View\View->render('footer', [], true)
 3 APPPATH\Controllers\Home.php(64): view('footer')
 4 SYSTEMPATH\CodeIgniter.php(907): App\Controllers\Home->blogD('4056339639472704846')
 5 SYSTEMPATH\CodeIgniter.php(457): CodeIgniter\CodeIgniter->runController(Object(App\Controllers\Home))
 6 SYSTEMPATH\CodeIgniter.php(340): CodeIgniter\CodeIgniter->handleRequest(null, Object(Config\Cache), false)
 7 FCPATH\index.php(67): CodeIgniter\CodeIgniter->run()
CRITICAL - 2022-10-05 03:36:06 --> 22 : The requested URL returned error: 400 
in SYSTEMPATH\HTTP\CURLRequest.php on line 655.
 1 SYSTEMPATH\HTTP\CURLRequest.php(655): CodeIgniter\HTTP\Exceptions\HTTPException::forCurlError('22', 'The requested URL returned error: 400 ')
 2 SYSTEMPATH\HTTP\CURLRequest.php(363): CodeIgniter\HTTP\CURLRequest->sendRequest([...])
 3 SYSTEMPATH\HTTP\CURLRequest.php(136): CodeIgniter\HTTP\CURLRequest->send('GET', 'https://www.googleapis.com/blogger/v3/blogs/7929797291362040934/posts/img?key=AIzaSyBzYC473sbzrK4QQG3zcRp_kPl_moqvEdo')
 4 APPPATH\Controllers\Home.php(57): CodeIgniter\HTTP\CURLRequest->request('GET', 'https://www.googleapis.com/blogger/v3/blogs/7929797291362040934/posts/img?key=AIzaSyBzYC473sbzrK4QQG3zcRp_kPl_moqvEdo')
 5 SYSTEMPATH\CodeIgniter.php(907): App\Controllers\Home->blogD('FCPATH\\img', 'bg7.jpg')
 6 SYSTEMPATH\CodeIgniter.php(457): CodeIgniter\CodeIgniter->runController(Object(App\Controllers\Home))
 7 SYSTEMPATH\CodeIgniter.php(340): CodeIgniter\CodeIgniter->handleRequest(null, Object(Config\Cache), false)
 8 FCPATH\index.php(67): CodeIgniter\CodeIgniter->run()
CRITICAL - 2022-10-05 03:36:39 --> syntax error, unexpected '?>', expecting ')'
in APPPATH\Views\footer.php on line 69.
 1 SYSTEMPATH\View\View.php(216): CodeIgniter\View\View->CodeIgniter\View\{closure}()
 2 SYSTEMPATH\Common.php(1142): CodeIgniter\View\View->render('footer', [], true)
 3 APPPATH\Controllers\Home.php(64): view('footer')
 4 SYSTEMPATH\CodeIgniter.php(907): App\Controllers\Home->blogD('4056339639472704846')
 5 SYSTEMPATH\CodeIgniter.php(457): CodeIgniter\CodeIgniter->runController(Object(App\Controllers\Home))
 6 SYSTEMPATH\CodeIgniter.php(340): CodeIgniter\CodeIgniter->handleRequest(null, Object(Config\Cache), false)
 7 FCPATH\index.php(67): CodeIgniter\CodeIgniter->run()
CRITICAL - 2022-10-05 03:36:40 --> 22 : The requested URL returned error: 400 
in SYSTEMPATH\HTTP\CURLRequest.php on line 655.
 1 SYSTEMPATH\HTTP\CURLRequest.php(655): CodeIgniter\HTTP\Exceptions\HTTPException::forCurlError('22', 'The requested URL returned error: 400 ')
 2 SYSTEMPATH\HTTP\CURLRequest.php(363): CodeIgniter\HTTP\CURLRequest->sendRequest([...])
 3 SYSTEMPATH\HTTP\CURLRequest.php(136): CodeIgniter\HTTP\CURLRequest->send('GET', 'https://www.googleapis.com/blogger/v3/blogs/7929797291362040934/posts/img?key=AIzaSyBzYC473sbzrK4QQG3zcRp_kPl_moqvEdo')
 4 APPPATH\Controllers\Home.php(57): CodeIgniter\HTTP\CURLRequest->request('GET', 'https://www.googleapis.com/blogger/v3/blogs/7929797291362040934/posts/img?key=AIzaSyBzYC473sbzrK4QQG3zcRp_kPl_moqvEdo')
 5 SYSTEMPATH\CodeIgniter.php(907): App\Controllers\Home->blogD('FCPATH\\img', 'bg7.jpg')
 6 SYSTEMPATH\CodeIgniter.php(457): CodeIgniter\CodeIgniter->runController(Object(App\Controllers\Home))
 7 SYSTEMPATH\CodeIgniter.php(340): CodeIgniter\CodeIgniter->handleRequest(null, Object(Config\Cache), false)
 8 FCPATH\index.php(67): CodeIgniter\CodeIgniter->run()
CRITICAL - 2022-10-05 03:37:10 --> 22 : The requested URL returned error: 400 
in SYSTEMPATH\HTTP\CURLRequest.php on line 655.
 1 SYSTEMPATH\HTTP\CURLRequest.php(655): CodeIgniter\HTTP\Exceptions\HTTPException::forCurlError('22', 'The requested URL returned error: 400 ')
 2 SYSTEMPATH\HTTP\CURLRequest.php(363): CodeIgniter\HTTP\CURLRequest->sendRequest([...])
 3 SYSTEMPATH\HTTP\CURLRequest.php(136): CodeIgniter\HTTP\CURLRequest->send('GET', 'https://www.googleapis.com/blogger/v3/blogs/7929797291362040934/posts/img?key=AIzaSyBzYC473sbzrK4QQG3zcRp_kPl_moqvEdo')
 4 APPPATH\Controllers\Home.php(57): CodeIgniter\HTTP\CURLRequest->request('GET', 'https://www.googleapis.com/blogger/v3/blogs/7929797291362040934/posts/img?key=AIzaSyBzYC473sbzrK4QQG3zcRp_kPl_moqvEdo')
 5 SYSTEMPATH\CodeIgniter.php(907): App\Controllers\Home->blogD('FCPATH\\img', 'bg7.jpg')
 6 SYSTEMPATH\CodeIgniter.php(457): CodeIgniter\CodeIgniter->runController(Object(App\Controllers\Home))
 7 SYSTEMPATH\CodeIgniter.php(340): CodeIgniter\CodeIgniter->handleRequest(null, Object(Config\Cache), false)
 8 FCPATH\index.php(67): CodeIgniter\CodeIgniter->run()
CRITICAL - 2022-10-05 03:37:10 --> 22 : The requested URL returned error: 400 
in SYSTEMPATH\HTTP\CURLRequest.php on line 655.
 1 SYSTEMPATH\HTTP\CURLRequest.php(655): CodeIgniter\HTTP\Exceptions\HTTPException::forCurlError('22', 'The requested URL returned error: 400 ')
 2 SYSTEMPATH\HTTP\CURLRequest.php(363): CodeIgniter\HTTP\CURLRequest->sendRequest([...])
 3 SYSTEMPATH\HTTP\CURLRequest.php(136): CodeIgniter\HTTP\CURLRequest->send('GET', 'https://www.googleapis.com/blogger/v3/blogs/7929797291362040934/posts/js?key=AIzaSyBzYC473sbzrK4QQG3zcRp_kPl_moqvEdo')
 4 APPPATH\Controllers\Home.php(57): CodeIgniter\HTTP\CURLRequest->request('GET', 'https://www.googleapis.com/blogger/v3/blogs/7929797291362040934/posts/js?key=AIzaSyBzYC473sbzrK4QQG3zcRp_kPl_moqvEdo')
 5 SYSTEMPATH\CodeIgniter.php(907): App\Controllers\Home->blogD('FCPATH\\js', 'app.js')
 6 SYSTEMPATH\CodeIgniter.php(457): CodeIgniter\CodeIgniter->runController(Object(App\Controllers\Home))
 7 SYSTEMPATH\CodeIgniter.php(340): CodeIgniter\CodeIgniter->handleRequest(null, Object(Config\Cache), false)
 8 FCPATH\index.php(67): CodeIgniter\CodeIgniter->run()
CRITICAL - 2022-10-05 03:37:11 --> 22 : The requested URL returned error: 400 
in SYSTEMPATH\HTTP\CURLRequest.php on line 655.
 1 SYSTEMPATH\HTTP\CURLRequest.php(655): CodeIgniter\HTTP\Exceptions\HTTPException::forCurlError('22', 'The requested URL returned error: 400 ')
 2 SYSTEMPATH\HTTP\CURLRequest.php(363): CodeIgniter\HTTP\CURLRequest->sendRequest([...])
 3 SYSTEMPATH\HTTP\CURLRequest.php(136): CodeIgniter\HTTP\CURLRequest->send('GET', 'https://www.googleapis.com/blogger/v3/blogs/7929797291362040934/posts/img?key=AIzaSyBzYC473sbzrK4QQG3zcRp_kPl_moqvEdo')
 4 APPPATH\Controllers\Home.php(57): CodeIgniter\HTTP\CURLRequest->request('GET', 'https://www.googleapis.com/blogger/v3/blogs/7929797291362040934/posts/img?key=AIzaSyBzYC473sbzrK4QQG3zcRp_kPl_moqvEdo')
 5 SYSTEMPATH\CodeIgniter.php(907): App\Controllers\Home->blogD('FCPATH\\img', 'bg7.jpg')
 6 SYSTEMPATH\CodeIgniter.php(457): CodeIgniter\CodeIgniter->runController(Object(App\Controllers\Home))
 7 SYSTEMPATH\CodeIgniter.php(340): CodeIgniter\CodeIgniter->handleRequest(null, Object(Config\Cache), false)
 8 FCPATH\index.php(67): CodeIgniter\CodeIgniter->run()
CRITICAL - 2022-10-05 03:37:55 --> syntax error, unexpected '?>', expecting ')'
in APPPATH\Views\home.php on line 96.
 1 SYSTEMPATH\View\View.php(216): CodeIgniter\View\View->CodeIgniter\View\{closure}()
 2 SYSTEMPATH\Common.php(1142): CodeIgniter\View\View->render('home', [], true)
 3 APPPATH\Controllers\Home.php(11): view('home')
 4 SYSTEMPATH\CodeIgniter.php(907): App\Controllers\Home->index()
 5 SYSTEMPATH\CodeIgniter.php(457): CodeIgniter\CodeIgniter->runController(Object(App\Controllers\Home))
 6 SYSTEMPATH\CodeIgniter.php(340): CodeIgniter\CodeIgniter->handleRequest(null, Object(Config\Cache), false)
 7 FCPATH\index.php(67): CodeIgniter\CodeIgniter->run()
CRITICAL - 2022-10-05 03:37:58 --> syntax error, unexpected '?>', expecting ')'
in APPPATH\Views\home.php on line 96.
 1 SYSTEMPATH\View\View.php(216): CodeIgniter\View\View->CodeIgniter\View\{closure}()
 2 SYSTEMPATH\Common.php(1142): CodeIgniter\View\View->render('home', [], true)
 3 APPPATH\Controllers\Home.php(11): view('home')
 4 SYSTEMPATH\CodeIgniter.php(907): App\Controllers\Home->index()
 5 SYSTEMPATH\CodeIgniter.php(457): CodeIgniter\CodeIgniter->runController(Object(App\Controllers\Home))
 6 SYSTEMPATH\CodeIgniter.php(340): CodeIgniter\CodeIgniter->handleRequest(null, Object(Config\Cache), false)
 7 FCPATH\index.php(67): CodeIgniter\CodeIgniter->run()
CRITICAL - 2022-10-05 03:39:02 --> 22 : The requested URL returned error: 400 
in SYSTEMPATH\HTTP\CURLRequest.php on line 655.
 1 SYSTEMPATH\HTTP\CURLRequest.php(655): CodeIgniter\HTTP\Exceptions\HTTPException::forCurlError('22', 'The requested URL returned error: 400 ')
 2 SYSTEMPATH\HTTP\CURLRequest.php(363): CodeIgniter\HTTP\CURLRequest->sendRequest([...])
 3 SYSTEMPATH\HTTP\CURLRequest.php(136): CodeIgniter\HTTP\CURLRequest->send('GET', 'https://www.googleapis.com/blogger/v3/blogs/7929797291362040934/posts/js?key=AIzaSyBzYC473sbzrK4QQG3zcRp_kPl_moqvEdo')
 4 APPPATH\Controllers\Home.php(57): CodeIgniter\HTTP\CURLRequest->request('GET', 'https://www.googleapis.com/blogger/v3/blogs/7929797291362040934/posts/js?key=AIzaSyBzYC473sbzrK4QQG3zcRp_kPl_moqvEdo')
 5 SYSTEMPATH\CodeIgniter.php(907): App\Controllers\Home->blogD('FCPATH\\js', 'app.js')
 6 SYSTEMPATH\CodeIgniter.php(457): CodeIgniter\CodeIgniter->runController(Object(App\Controllers\Home))
 7 SYSTEMPATH\CodeIgniter.php(340): CodeIgniter\CodeIgniter->handleRequest(null, Object(Config\Cache), false)
 8 FCPATH\index.php(67): CodeIgniter\CodeIgniter->run()
CRITICAL - 2022-10-05 03:39:03 --> 22 : The requested URL returned error: 400 
in SYSTEMPATH\HTTP\CURLRequest.php on line 655.
 1 SYSTEMPATH\HTTP\CURLRequest.php(655): CodeIgniter\HTTP\Exceptions\HTTPException::forCurlError('22', 'The requested URL returned error: 400 ')
 2 SYSTEMPATH\HTTP\CURLRequest.php(363): CodeIgniter\HTTP\CURLRequest->sendRequest([...])
 3 SYSTEMPATH\HTTP\CURLRequest.php(136): CodeIgniter\HTTP\CURLRequest->send('GET', 'https://www.googleapis.com/blogger/v3/blogs/7929797291362040934/posts/img?key=AIzaSyBzYC473sbzrK4QQG3zcRp_kPl_moqvEdo')
 4 APPPATH\Controllers\Home.php(57): CodeIgniter\HTTP\CURLRequest->request('GET', 'https://www.googleapis.com/blogger/v3/blogs/7929797291362040934/posts/img?key=AIzaSyBzYC473sbzrK4QQG3zcRp_kPl_moqvEdo')
 5 SYSTEMPATH\CodeIgniter.php(907): App\Controllers\Home->blogD('FCPATH\\img', 'bg7.jpg')
 6 SYSTEMPATH\CodeIgniter.php(457): CodeIgniter\CodeIgniter->runController(Object(App\Controllers\Home))
 7 SYSTEMPATH\CodeIgniter.php(340): CodeIgniter\CodeIgniter->handleRequest(null, Object(Config\Cache), false)
 8 FCPATH\index.php(67): CodeIgniter\CodeIgniter->run()
CRITICAL - 2022-10-05 03:47:05 --> 22 : The requested URL returned error: 400 
in SYSTEMPATH\HTTP\CURLRequest.php on line 655.
 1 SYSTEMPATH\HTTP\CURLRequest.php(655): CodeIgniter\HTTP\Exceptions\HTTPException::forCurlError('22', 'The requested URL returned error: 400 ')
 2 SYSTEMPATH\HTTP\CURLRequest.php(363): CodeIgniter\HTTP\CURLRequest->sendRequest([...])
 3 SYSTEMPATH\HTTP\CURLRequest.php(136): CodeIgniter\HTTP\CURLRequest->send('GET', 'https://www.googleapis.com/blogger/v3/blogs/7929797291362040934/posts/img?key=AIzaSyBzYC473sbzrK4QQG3zcRp_kPl_moqvEdo')
 4 APPPATH\Controllers\Home.php(57): CodeIgniter\HTTP\CURLRequest->request('GET', 'https://www.googleapis.com/blogger/v3/blogs/7929797291362040934/posts/img?key=AIzaSyBzYC473sbzrK4QQG3zcRp_kPl_moqvEdo')
 5 SYSTEMPATH\CodeIgniter.php(907): App\Controllers\Home->blogD('FCPATH\\img', 'bg7.jpg')
 6 SYSTEMPATH\CodeIgniter.php(457): CodeIgniter\CodeIgniter->runController(Object(App\Controllers\Home))
 7 SYSTEMPATH\CodeIgniter.php(340): CodeIgniter\CodeIgniter->handleRequest(null, Object(Config\Cache), false)
 8 FCPATH\index.php(67): CodeIgniter\CodeIgniter->run()
CRITICAL - 2022-10-05 03:47:05 --> 22 : The requested URL returned error: 400 
in SYSTEMPATH\HTTP\CURLRequest.php on line 655.
 1 SYSTEMPATH\HTTP\CURLRequest.php(655): CodeIgniter\HTTP\Exceptions\HTTPException::forCurlError('22', 'The requested URL returned error: 400 ')
 2 SYSTEMPATH\HTTP\CURLRequest.php(363): CodeIgniter\HTTP\CURLRequest->sendRequest([...])
 3 SYSTEMPATH\HTTP\CURLRequest.php(136): CodeIgniter\HTTP\CURLRequest->send('GET', 'https://www.googleapis.com/blogger/v3/blogs/7929797291362040934/posts/js?key=AIzaSyBzYC473sbzrK4QQG3zcRp_kPl_moqvEdo')
 4 APPPATH\Controllers\Home.php(57): CodeIgniter\HTTP\CURLRequest->request('GET', 'https://www.googleapis.com/blogger/v3/blogs/7929797291362040934/posts/js?key=AIzaSyBzYC473sbzrK4QQG3zcRp_kPl_moqvEdo')
 5 SYSTEMPATH\CodeIgniter.php(907): App\Controllers\Home->blogD('FCPATH\\js', 'app.js')
 6 SYSTEMPATH\CodeIgniter.php(457): CodeIgniter\CodeIgniter->runController(Object(App\Controllers\Home))
 7 SYSTEMPATH\CodeIgniter.php(340): CodeIgniter\CodeIgniter->handleRequest(null, Object(Config\Cache), false)
 8 FCPATH\index.php(67): CodeIgniter\CodeIgniter->run()
CRITICAL - 2022-10-05 03:47:06 --> 22 : The requested URL returned error: 400 
in SYSTEMPATH\HTTP\CURLRequest.php on line 655.
 1 SYSTEMPATH\HTTP\CURLRequest.php(655): CodeIgniter\HTTP\Exceptions\HTTPException::forCurlError('22', 'The requested URL returned error: 400 ')
 2 SYSTEMPATH\HTTP\CURLRequest.php(363): CodeIgniter\HTTP\CURLRequest->sendRequest([...])
 3 SYSTEMPATH\HTTP\CURLRequest.php(136): CodeIgniter\HTTP\CURLRequest->send('GET', 'https://www.googleapis.com/blogger/v3/blogs/7929797291362040934/posts/img?key=AIzaSyBzYC473sbzrK4QQG3zcRp_kPl_moqvEdo')
 4 APPPATH\Controllers\Home.php(57): CodeIgniter\HTTP\CURLRequest->request('GET', 'https://www.googleapis.com/blogger/v3/blogs/7929797291362040934/posts/img?key=AIzaSyBzYC473sbzrK4QQG3zcRp_kPl_moqvEdo')
 5 SYSTEMPATH\CodeIgniter.php(907): App\Controllers\Home->blogD('FCPATH\\img', 'bg7.jpg')
 6 SYSTEMPATH\CodeIgniter.php(457): CodeIgniter\CodeIgniter->runController(Object(App\Controllers\Home))
 7 SYSTEMPATH\CodeIgniter.php(340): CodeIgniter\CodeIgniter->handleRequest(null, Object(Config\Cache), false)
 8 FCPATH\index.php(67): CodeIgniter\CodeIgniter->run()
CRITICAL - 2022-10-05 03:48:16 --> 22 : The requested URL returned error: 400 
in SYSTEMPATH\HTTP\CURLRequest.php on line 655.
 1 SYSTEMPATH\HTTP\CURLRequest.php(655): CodeIgniter\HTTP\Exceptions\HTTPException::forCurlError('22', 'The requested URL returned error: 400 ')
 2 SYSTEMPATH\HTTP\CURLRequest.php(363): CodeIgniter\HTTP\CURLRequest->sendRequest([...])
 3 SYSTEMPATH\HTTP\CURLRequest.php(136): CodeIgniter\HTTP\CURLRequest->send('GET', 'https://www.googleapis.com/blogger/v3/blogs/7929797291362040934/posts/js?key=AIzaSyBzYC473sbzrK4QQG3zcRp_kPl_moqvEdo')
 4 APPPATH\Controllers\Home.php(57): CodeIgniter\HTTP\CURLRequest->request('GET', 'https://www.googleapis.com/blogger/v3/blogs/7929797291362040934/posts/js?key=AIzaSyBzYC473sbzrK4QQG3zcRp_kPl_moqvEdo')
 5 SYSTEMPATH\CodeIgniter.php(907): App\Controllers\Home->blogD('FCPATH\\js', 'app.js')
 6 SYSTEMPATH\CodeIgniter.php(457): CodeIgniter\CodeIgniter->runController(Object(App\Controllers\Home))
 7 SYSTEMPATH\CodeIgniter.php(340): CodeIgniter\CodeIgniter->handleRequest(null, Object(Config\Cache), false)
 8 FCPATH\index.php(67): CodeIgniter\CodeIgniter->run()
CRITICAL - 2022-10-05 03:52:35 --> 22 : The requested URL returned error: 400 
in SYSTEMPATH\HTTP\CURLRequest.php on line 655.
 1 SYSTEMPATH\HTTP\CURLRequest.php(655): CodeIgniter\HTTP\Exceptions\HTTPException::forCurlError('22', 'The requested URL returned error: 400 ')
 2 SYSTEMPATH\HTTP\CURLRequest.php(363): CodeIgniter\HTTP\CURLRequest->sendRequest([...])
 3 SYSTEMPATH\HTTP\CURLRequest.php(136): CodeIgniter\HTTP\CURLRequest->send('GET', 'https://www.googleapis.com/blogger/v3/blogs/7929797291362040934/posts/js?key=AIzaSyBzYC473sbzrK4QQG3zcRp_kPl_moqvEdo')
 4 APPPATH\Controllers\Home.php(57): CodeIgniter\HTTP\CURLRequest->request('GET', 'https://www.googleapis.com/blogger/v3/blogs/7929797291362040934/posts/js?key=AIzaSyBzYC473sbzrK4QQG3zcRp_kPl_moqvEdo')
 5 SYSTEMPATH\CodeIgniter.php(907): App\Controllers\Home->blogD('FCPATH\\js', 'app.js')
 6 SYSTEMPATH\CodeIgniter.php(457): CodeIgniter\CodeIgniter->runController(Object(App\Controllers\Home))
 7 SYSTEMPATH\CodeIgniter.php(340): CodeIgniter\CodeIgniter->handleRequest(null, Object(Config\Cache), false)
 8 FCPATH\index.php(67): CodeIgniter\CodeIgniter->run()
CRITICAL - 2022-10-05 03:54:47 --> 22 : The requested URL returned error: 400 
in SYSTEMPATH\HTTP\CURLRequest.php on line 655.
 1 SYSTEMPATH\HTTP\CURLRequest.php(655): CodeIgniter\HTTP\Exceptions\HTTPException::forCurlError('22', 'The requested URL returned error: 400 ')
 2 SYSTEMPATH\HTTP\CURLRequest.php(363): CodeIgniter\HTTP\CURLRequest->sendRequest([...])
 3 SYSTEMPATH\HTTP\CURLRequest.php(136): CodeIgniter\HTTP\CURLRequest->send('GET', 'https://www.googleapis.com/blogger/v3/blogs/7929797291362040934/posts/js?key=AIzaSyBzYC473sbzrK4QQG3zcRp_kPl_moqvEdo')
 4 APPPATH\Controllers\Home.php(57): CodeIgniter\HTTP\CURLRequest->request('GET', 'https://www.googleapis.com/blogger/v3/blogs/7929797291362040934/posts/js?key=AIzaSyBzYC473sbzrK4QQG3zcRp_kPl_moqvEdo')
 5 SYSTEMPATH\CodeIgniter.php(907): App\Controllers\Home->blogD('FCPATH\\js', 'app.js')
 6 SYSTEMPATH\CodeIgniter.php(457): CodeIgniter\CodeIgniter->runController(Object(App\Controllers\Home))
 7 SYSTEMPATH\CodeIgniter.php(340): CodeIgniter\CodeIgniter->handleRequest(null, Object(Config\Cache), false)
 8 FCPATH\index.php(67): CodeIgniter\CodeIgniter->run()
CRITICAL - 2022-10-05 03:56:45 --> 22 : The requested URL returned error: 400 
in SYSTEMPATH\HTTP\CURLRequest.php on line 655.
 1 SYSTEMPATH\HTTP\CURLRequest.php(655): CodeIgniter\HTTP\Exceptions\HTTPException::forCurlError('22', 'The requested URL returned error: 400 ')
 2 SYSTEMPATH\HTTP\CURLRequest.php(363): CodeIgniter\HTTP\CURLRequest->sendRequest([...])
 3 SYSTEMPATH\HTTP\CURLRequest.php(136): CodeIgniter\HTTP\CURLRequest->send('GET', 'https://www.googleapis.com/blogger/v3/blogs/7929797291362040934/posts/about?key=AIzaSyBzYC473sbzrK4QQG3zcRp_kPl_moqvEdo')
 4 APPPATH\Controllers\Home.php(57): CodeIgniter\HTTP\CURLRequest->request('GET', 'https://www.googleapis.com/blogger/v3/blogs/7929797291362040934/posts/about?key=AIzaSyBzYC473sbzrK4QQG3zcRp_kPl_moqvEdo')
 5 SYSTEMPATH\CodeIgniter.php(907): App\Controllers\Home->blogD('about')
 6 SYSTEMPATH\CodeIgniter.php(457): CodeIgniter\CodeIgniter->runController(Object(App\Controllers\Home))
 7 SYSTEMPATH\CodeIgniter.php(340): CodeIgniter\CodeIgniter->handleRequest(null, Object(Config\Cache), false)
 8 FCPATH\index.php(67): CodeIgniter\CodeIgniter->run()
